<?xml version="1.0" encoding="UTF-8"?>
<testsuite name="SerializeTest" tests="1" skipped="0" failures="0" errors="0" timestamp="2022-12-17T07:07:34" hostname="noahs-2" time="0.232">
  <properties/>
  <testcase name="jackson-kotlin-module serialize test()" classname="SerializeTest" time="0.232"/>
  <system-out><![CDATA[]]></system-out>
  <system-err><![CDATA[]]></system-err>
</testsuite>
